Using pre-set license
Built from '2020.3/staging' branch; Version is '2020.3.26f1 (7298b473bc1a) revision 7510196'; Using compiler version '192528614'; Build Type 'Release'
OS: 'Windows 11  (10.0.22000) 64bit Core' Language: 'ko' Physical Memory: 7901 MB
BatchMode: 1, IsHumanControllingUs: 0, StartBugReporterOnCrash: 0, Is64bit: 1, IsPro: 0

COMMAND LINE ARGUMENTS:
C:\Program Files\Unity\Hub\Editor\2020.3.26f1\Editor\Unity.exe
-adb2
-batchMode
-noUpm
-name
AssetImportWorker2
-projectPath
C:/Users/82109/Documents/Unity/GitHub/RPGgame
-logFile
Logs/AssetImportWorker2.log
-srvPort
12204
Successfully changed project path to: C:/Users/82109/Documents/Unity/GitHub/RPGgame
C:/Users/82109/Documents/Unity/GitHub/RPGgame
Using Asset Import Pipeline V2.
Refreshing native plugins compatible for Editor in 352.40 ms, found 3 plugins.
Preloading 0 native plugins for Editor in 0.00 ms.
Initialize engine version: 2020.3.26f1 (7298b473bc1a)
[Subsystems] Discovering subsystems at path C:/Program Files/Unity/Hub/Editor/2020.3.26f1/Editor/Data/Resources/UnitySubsystems
[Subsystems] Discovering subsystems at path C:/Users/82109/Documents/Unity/GitHub/RPGgame/Assets
GfxDevice: creating device client; threaded=0
Direct3D:
    Version:  Direct3D 11.0 [level 11.1]
    Renderer: Intel(R) Iris(R) Plus Graphics (ID=0x8a52)
    Vendor:   
    VRAM:     3950 MB
    Driver:   30.0.100.9836
Initialize mono
Mono path[0] = 'C:/Program Files/Unity/Hub/Editor/2020.3.26f1/Editor/Data/Managed'
Mono path[1] = 'C:/Program Files/Unity/Hub/Editor/2020.3.26f1/Editor/Data/MonoBleedingEdge/lib/mono/unityjit'
Mono config path = 'C:/Program Files/Unity/Hub/Editor/2020.3.26f1/Editor/Data/MonoBleedingEdge/etc'
Using monoOptions --debugger-agent=transport=dt_socket,embedding=1,server=y,suspend=n,address=127.0.0.1:56544
Begin MonoManager ReloadAssembly
Registering precompiled unity dll's ...
Register platform support module: C:/Program Files/Unity/Hub/Editor/2020.3.26f1/Editor/Data/PlaybackEngines/WindowsStandaloneSupport/UnityEditor.WindowsStandalone.Extensions.dll
Registered in 0.016148 seconds.
Native extension for WindowsStandalone target not found
Refreshing native plugins compatible for Editor in 252.84 ms, found 3 plugins.
Preloading 0 native plugins for Editor in 0.00 ms.
Unable to find bridge dll in registry for Microsoft Visual Studio Tools for Unity for C:\Program Files (x86)\Microsoft Visual Studio\2019\Community\Common7\IDE\devenv.exe
Mono: successfully reloaded assembly
- Completed reload, in  2.575 seconds
Domain Reload Profiling:
	ReloadAssembly (2576ms)
		BeginReloadAssembly (281ms)
			ExecutionOrderSort (0ms)
			DisableScriptedObjects (0ms)
			BackupInstance (0ms)
			ReleaseScriptingObjects (0ms)
			CreateAndSetChildDomain (3ms)
		EndReloadAssembly (1911ms)
			LoadAssemblies (275ms)
			RebuildTransferFunctionScriptingTraits (0ms)
			SetupTypeCache (686ms)
			ReleaseScriptCaches (0ms)
			RebuildScriptCaches (85ms)
			SetupLoadedEditorAssemblies (711ms)
				LogAssemblyErrors (0ms)
				InitializePlatformSupportModulesInManaged (16ms)
				SetLoadedEditorAssemblies (0ms)
				RefreshPlugins (253ms)
				BeforeProcessingInitializeOnLoad (48ms)
				ProcessInitializeOnLoadAttributes (299ms)
				ProcessInitializeOnLoadMethodAttributes (93ms)
				AfterProcessingInitializeOnLoad (0ms)
				EditorAssembliesLoaded (1ms)
			ExecutionOrderSort2 (0ms)
			AwakeInstancesAfterBackupRestoration (0ms)
Platform modules already initialized, skipping
Registering precompiled user dll's ...
Registered in 0.021682 seconds.
Begin MonoManager ReloadAssembly
Symbol file data-0000027F6700F010 doesn't match image C:\Users\82109\Documents\Unity\GitHub\RPGgame\Library\ScriptAssemblies\Unity.2D.Animation.Editor.dll
Symbol file LoadedFromMemory is not a mono symbol file
Symbol file data-00000280FE601E60 doesn't match image C:\Users\82109\Documents\Unity\GitHub\RPGgame\Library\ScriptAssemblies\Unity.InternalAPIEngineBridge.001.dll
Symbol file LoadedFromMemory is not a mono symbol file
Symbol file data-0000027F6585F710 doesn't match image C:\Users\82109\Documents\Unity\GitHub\RPGgame\Library\ScriptAssemblies\Unity.VSCode.Editor.dll
Symbol file LoadedFromMemory is not a mono symbol file
Symbol file data-00000280FF1147B0 doesn't match image C:\Users\82109\Documents\Unity\GitHub\RPGgame\Library\ScriptAssemblies\Unity.2D.PixelPerfect.dll
Symbol file LoadedFromMemory is not a mono symbol file
Symbol file data-00000280FF2F5BD0 doesn't match image C:\Users\82109\Documents\Unity\GitHub\RPGgame\Library\ScriptAssemblies\Unity.2D.Tilemap.Editor.dll
Symbol file LoadedFromMemory is not a mono symbol file
Symbol file data-0000027F66F45070 doesn't match image C:\Users\82109\Documents\Unity\GitHub\RPGgame\Library\ScriptAssemblies\PsdPlugin.dll
Symbol file LoadedFromMemory is not a mono symbol file
Symbol file data-0000027F66F45070 doesn't match image C:\Users\82109\Documents\Unity\GitHub\RPGgame\Library\ScriptAssemblies\Unity.TextMeshPro.Editor.dll
Symbol file LoadedFromMemory is not a mono symbol file
Symbol file data-0000027F66BD78A0 doesn't match image C:\Users\82109\Documents\Unity\GitHub\RPGgame\Library\ScriptAssemblies\Unity.VisualStudio.Editor.dll
Symbol file LoadedFromMemory is not a mono symbol file
Symbol file data-0000027F65B78230 doesn't match image C:\Users\82109\Documents\Unity\GitHub\RPGgame\Library\ScriptAssemblies\UnityEngine.TestRunner.dll
Symbol file LoadedFromMemory is not a mono symbol file
Symbol file data-0000027F6700F010 doesn't match image C:\Users\82109\Documents\Unity\GitHub\RPGgame\Library\ScriptAssemblies\Unity.Timeline.dll
Symbol file LoadedFromMemory is not a mono symbol file
Symbol file data-0000027F6700F010 doesn't match image C:\Users\82109\Documents\Unity\GitHub\RPGgame\Library\ScriptAssemblies\Unity.TextMeshPro.dll
Symbol file LoadedFromMemory is not a mono symbol file
Symbol file data-0000027F660DE020 doesn't match image C:\Users\82109\Documents\Unity\GitHub\RPGgame\Library\ScriptAssemblies\UnityEditor.TestRunner.dll
Symbol file LoadedFromMemory is not a mono symbol file
Symbol file data-0000027F6585F710 doesn't match image C:\Users\82109\Documents\Unity\GitHub\RPGgame\Library\ScriptAssemblies\Unity.2D.IK.Editor.dll
Symbol file LoadedFromMemory is not a mono symbol file
Symbol file data-0000027F66105230 doesn't match image C:\Users\82109\Documents\Unity\GitHub\RPGgame\Library\ScriptAssemblies\Unity.2D.Sprite.Editor.dll
Symbol file LoadedFromMemory is not a mono symbol file
Symbol file data-0000027F66BD78A0 doesn't match image C:\Users\82109\Documents\Unity\GitHub\RPGgame\Library\ScriptAssemblies\Unity.2D.Psdimporter.Editor.dll
Symbol file LoadedFromMemory is not a mono symbol file
Symbol file data-0000027F65B78230 doesn't match image C:\Users\82109\Documents\Unity\GitHub\RPGgame\Library\ScriptAssemblies\Unity.2D.Path.Editor.dll
Symbol file LoadedFromMemory is not a mono symbol file
Symbol file data-0000027F66A4C200 doesn't match image C:\Users\82109\Documents\Unity\GitHub\RPGgame\Library\ScriptAssemblies\Unity.InternalAPIEditorBridge.001.dll
Symbol file LoadedFromMemory is not a mono symbol file
Symbol file data-0000027F66BD78A0 doesn't match image C:\Users\82109\Documents\Unity\GitHub\RPGgame\Library\ScriptAssemblies\UnityEditor.UI.dll
Symbol file LoadedFromMemory is not a mono symbol file
Symbol file data-0000027F65B95020 doesn't match image C:\Users\82109\Documents\Unity\GitHub\RPGgame\Library\ScriptAssemblies\Unity.PlasticSCM.Editor.dll
Symbol file LoadedFromMemory is not a mono symbol file
Symbol file data-0000027F66BD78A0 doesn't match image C:\Users\82109\Documents\Unity\GitHub\RPGgame\Library\ScriptAssemblies\Unity.Rider.Editor.dll
Symbol file LoadedFromMemory is not a mono symbol file
Symbol file data-0000027F65CE5020 doesn't match image C:\Users\82109\Documents\Unity\GitHub\RPGgame\Library\ScriptAssemblies\UnityEngine.UI.dll
Symbol file LoadedFromMemory is not a mono symbol file
Symbol file data-0000027F661DA020 doesn't match image C:\Users\82109\Documents\Unity\GitHub\RPGgame\Library\ScriptAssemblies\Unity.Mathematics.dll
Symbol file LoadedFromMemory is not a mono symbol file
Symbol file data-0000027F66171A60 doesn't match image C:\Users\82109\Documents\Unity\GitHub\RPGgame\Library\ScriptAssemblies\Unity.2D.IK.Runtime.dll
Symbol file LoadedFromMemory is not a mono symbol file
Symbol file data-0000027F66BD78A0 doesn't match image C:\Users\82109\Documents\Unity\GitHub\RPGgame\Library\ScriptAssemblies\Unity.Services.Core.Editor.dll
Symbol file LoadedFromMemory is not a mono symbol file
Symbol file data-00000280FF51D010 doesn't match image C:\Users\82109\Documents\Unity\GitHub\RPGgame\Library\ScriptAssemblies\Unity.2D.Animation.Triangle.Runtime.dll
Symbol file LoadedFromMemory is not a mono symbol file
Symbol file data-0000027F6611C240 doesn't match image C:\Users\82109\Documents\Unity\GitHub\RPGgame\Library\ScriptAssemblies\Unity.2D.Animation.Runtime.dll
Symbol file LoadedFromMemory is not a mono symbol file
Symbol file data-0000027F66DCEAC0 doesn't match image C:\Users\82109\Documents\Unity\GitHub\RPGgame\Library\ScriptAssemblies\Unity.2D.PixelPerfect.Editor.dll
Symbol file LoadedFromMemory is not a mono symbol file
Symbol file data-00000280FF51D010 doesn't match image C:\Users\82109\Documents\Unity\GitHub\RPGgame\Library\ScriptAssemblies\Unity.Timeline.Editor.dll
Symbol file LoadedFromMemory is not a mono symbol file
Symbol file data-0000027F65D12C30 doesn't match image C:\Users\82109\Documents\Unity\GitHub\RPGgame\Library\ScriptAssemblies\Unity.CollabProxy.Editor.dll
Symbol file LoadedFromMemory is not a mono symbol file
Symbol file data-00000280FFC5E080 doesn't match image C:\Users\82109\Documents\Unity\GitHub\RPGgame\Library\ScriptAssemblies\Unity.Mathematics.Editor.dll
Symbol file LoadedFromMemory is not a mono symbol file
Symbol file data-00000280FF015B80 doesn't match image C:\Users\82109\Documents\Unity\GitHub\RPGgame\Library\ScriptAssemblies\Unity.2D.Common.Runtime.dll
Symbol file LoadedFromMemory is not a mono symbol file
Symbol file data-0000027F66F5A880 doesn't match image C:\Users\82109\Documents\Unity\GitHub\RPGgame\Library\ScriptAssemblies\Unity.2D.SpriteShape.Editor.dll
Symbol file LoadedFromMemory is not a mono symbol file
Symbol file data-0000027F66171A60 doesn't match image C:\Users\82109\Documents\Unity\GitHub\RPGgame\Library\ScriptAssemblies\Unity.2D.Common.Editor.dll
Symbol file LoadedFromMemory is not a mono symbol file
Symbol file data-00000280FF54D030 doesn't match image C:\Users\82109\Documents\Unity\GitHub\RPGgame\Library\ScriptAssemblies\Unity.2D.SpriteShape.Runtime.dll
Symbol file LoadedFromMemory is not a mono symbol file
Native extension for WindowsStandalone target not found
Refreshing native plugins compatible for Editor in 249.00 ms, found 3 plugins.
Preloading 0 native plugins for Editor in 0.00 ms.
Mono: successfully reloaded assembly
- Completed reload, in  4.156 seconds
Domain Reload Profiling:
	ReloadAssembly (4162ms)
		BeginReloadAssembly (568ms)
			ExecutionOrderSort (0ms)
			DisableScriptedObjects (18ms)
			BackupInstance (0ms)
			ReleaseScriptingObjects (0ms)
			CreateAndSetChildDomain (84ms)
		EndReloadAssembly (3344ms)
			LoadAssemblies (470ms)
			RebuildTransferFunctionScriptingTraits (0ms)
			SetupTypeCache (1055ms)
			ReleaseScriptCaches (1ms)
			RebuildScriptCaches (157ms)
			SetupLoadedEditorAssemblies (1315ms)
				LogAssemblyErrors (0ms)
				InitializePlatformSupportModulesInManaged (12ms)
				SetLoadedEditorAssemblies (1ms)
				RefreshPlugins (249ms)
				BeforeProcessingInitializeOnLoad (257ms)
				ProcessInitializeOnLoadAttributes (694ms)
				ProcessInitializeOnLoadMethodAttributes (76ms)
				AfterProcessingInitializeOnLoad (26ms)
				EditorAssembliesLoaded (0ms)
			ExecutionOrderSort2 (0ms)
			AwakeInstancesAfterBackupRestoration (16ms)
Platform modules already initialized, skipping
========================================================================
Worker process is ready to serve import requests
Launched and connected shader compiler UnityShaderCompiler.exe after 0.56 seconds
Refreshing native plugins compatible for Editor in 1.02 ms, found 3 plugins.
Preloading 0 native plugins for Editor in 0.00 ms.
Unloading 2232 Unused Serialized files (Serialized files now loaded: 0)
System memory in use before: 119.3 MB.
System memory in use after: 119.4 MB.

Unloading 27 unused Assets to reduce memory usage. Loaded Objects now: 2690.
Total: 8.267600 ms (FindLiveObjects: 0.298900 ms CreateObjectMapping: 0.194500 ms MarkObjects: 7.671600 ms  DeleteObjects: 0.098100 ms)

AssetImportParameters requested are different than current active one (requested -> active):
  custom:framework-win-MediaFoundation: 216162199b28c13a410421893ffa2e32 -> 
  custom:video-decoder-ogg-theora: a1e56fd34408186e4bbccfd4996cb3dc -> 
  custom:container-muxer-webm: aa71ff27fc2769a1b78a27578f13a17b -> 
  custom:container-demuxer-webm: 4f35f7cbe854078d1ac9338744f61a02 -> 
  custom:container-demuxer-ogg: 62fdf1f143b41e24485cea50d1cbac27 -> 
  custom:video-encoder-webm-vp8: eb34c28f22e8b96e1ab97ce403110664 -> 
  custom:video-decoder-webm-vp8: 9c59270c3fd7afecdb556c50c9e8de78 -> 
  custom:audio-decoder-ogg-vorbis: bf7c407c2cedff20999df2af8eb42d56 -> 
  custom:audio-encoder-webm-vorbis: bf7c407c2cedff20999df2af8eb42d56 -> 
========================================================================
Received Import Request.
  path: Assets/Scripts/StartScene/StartManager.cs
  artifactKey: Guid(66a80df120da6c244acac9e319a68be7) Importer(815301076,1909f56bfc062723c751e8b465ee728b)
Start importing Assets/Scripts/StartScene/StartManager.cs using Guid(66a80df120da6c244acac9e319a68be7) Importer(815301076,1909f56bfc062723c751e8b465ee728b)  -> (artifact id: 'cd8cd4322e1cf17a0b35418d2e63b7cf') in 0.148966 seconds 
  Import took 0.163523 seconds .

========================================================================
Received Prepare
Refreshing native plugins compatible for Editor in 68.54 ms, found 3 plugins.
Preloading 0 native plugins for Editor in 0.00 ms.
Unloading 15 Unused Serialized files (Serialized files now loaded: 0)
System memory in use before: 74.9 MB.
System memory in use after: 75.1 MB.

Unloading 15 unused Assets to reduce memory usage. Loaded Objects now: 2690.
Total: 9.909200 ms (FindLiveObjects: 0.497800 ms CreateObjectMapping: 0.261900 ms MarkObjects: 9.094800 ms  DeleteObjects: 0.050800 ms)

AssetImportParameters requested are different than current active one (requested -> active):
  custom:framework-win-MediaFoundation: 216162199b28c13a410421893ffa2e32 -> 
  custom:video-decoder-ogg-theora: a1e56fd34408186e4bbccfd4996cb3dc -> 
  custom:container-muxer-webm: aa71ff27fc2769a1b78a27578f13a17b -> 
  custom:container-demuxer-webm: 4f35f7cbe854078d1ac9338744f61a02 -> 
  custom:container-demuxer-ogg: 62fdf1f143b41e24485cea50d1cbac27 -> 
  custom:video-encoder-webm-vp8: eb34c28f22e8b96e1ab97ce403110664 -> 
  custom:video-decoder-webm-vp8: 9c59270c3fd7afecdb556c50c9e8de78 -> 
  custom:audio-decoder-ogg-vorbis: bf7c407c2cedff20999df2af8eb42d56 -> 
  custom:audio-encoder-webm-vorbis: bf7c407c2cedff20999df2af8eb42d56 -> 
========================================================================
Received Import Request.
  Time since last request: 648.787938 seconds.
  path: Assets/Scenes/MenuScene.unity
  artifactKey: Guid(b0b98d929f3be474bad95157dfbe6907) Importer(815301076,1909f56bfc062723c751e8b465ee728b)
Start importing Assets/Scenes/MenuScene.unity using Guid(b0b98d929f3be474bad95157dfbe6907) Importer(815301076,1909f56bfc062723c751e8b465ee728b)  -> (artifact id: '70e45468209cbf28ab7d4a053507ed7c') in 0.069726 seconds 
  Import took 0.075015 seconds .

========================================================================
Received Import Request.
  Time since last request: 7.293467 seconds.
  path: Assets/Scenes/GameFishing.unity
  artifactKey: Guid(eedb8fb39dc0cbf47867944edcdb9cc9) Importer(815301076,1909f56bfc062723c751e8b465ee728b)
Start importing Assets/Scenes/GameFishing.unity using Guid(eedb8fb39dc0cbf47867944edcdb9cc9) Importer(815301076,1909f56bfc062723c751e8b465ee728b)  -> (artifact id: '7598aa2d5c23dc40d9dd10259480991a') in 0.054621 seconds 
  Import took 0.064126 seconds .

========================================================================
Received Import Request.
  Time since last request: 1.528931 seconds.
  path: Assets/Scenes/GameDodugi.unity
  artifactKey: Guid(7c09788b0ce82f74aa2d38ccc5616470) Importer(815301076,1909f56bfc062723c751e8b465ee728b)
Start importing Assets/Scenes/GameDodugi.unity using Guid(7c09788b0ce82f74aa2d38ccc5616470) Importer(815301076,1909f56bfc062723c751e8b465ee728b)  -> (artifact id: '460147b6e5c7d6b3d23b3764984d6d74') in 0.054483 seconds 
  Import took 0.070960 seconds .

========================================================================
Received Import Request.
  Time since last request: 2.857901 seconds.
  path: Assets/Scenes/GameCookingPre.unity
  artifactKey: Guid(a8184c8571b4e094aa065b584af0014c) Importer(815301076,1909f56bfc062723c751e8b465ee728b)
Start importing Assets/Scenes/GameCookingPre.unity using Guid(a8184c8571b4e094aa065b584af0014c) Importer(815301076,1909f56bfc062723c751e8b465ee728b)  -> (artifact id: 'be14b5a6be9fd38f556e4dfb4acb212c') in 0.044929 seconds 
  Import took 0.053265 seconds .

AssetImportWorkerClient::OnTransportError - code=2 error=End of file
